2022/12/14 12:28:20 [notice] 1#1: using the "epoll" event method
2022/12/14 12:28:20 [notice] 1#1: nginx/1.23.3
2022/12/14 12:28:20 [notice] 1#1: built by gcc 12.2.1 20220924 (Alpine 12.2.1_git20220924-r4) 
2022/12/14 12:28:20 [notice] 1#1: OS: Linux 5.15.0-56-generic
2022/12/14 12:28:20 [notice] 1#1: getrlimit(RLIMIT_NOFILE): 1048576:1048576
2022/12/14 12:28:20 [notice] 1#1: start worker processes
2022/12/14 12:28:20 [notice] 1#1: start worker process 30
2022/12/14 12:28:20 [notice] 1#1: start worker process 31
2022/12/14 12:28:20 [notice] 1#1: start worker process 32
2022/12/14 12:28:20 [notice] 1#1: start worker process 33
2022/12/14 12:28:20 [notice] 1#1: start worker process 34
2022/12/14 12:28:20 [notice] 1#1: start worker process 35
2022/12/14 12:28:20 [notice] 1#1: start worker process 36
2022/12/14 12:28:20 [notice] 1#1: start worker process 37
2022/12/14 12:30:31 [notice] 1#1: signal 3 (SIGQUIT) received, shutting down
2022/12/14 12:30:31 [notice] 30#30: gracefully shutting down
2022/12/14 12:30:31 [notice] 35#35: gracefully shutting down
2022/12/14 12:30:31 [notice] 33#33: gracefully shutting down
2022/12/14 12:30:31 [notice] 37#37: gracefully shutting down
2022/12/14 12:30:31 [notice] 30#30: exiting
2022/12/14 12:30:31 [notice] 36#36: gracefully shutting down
2022/12/14 12:30:31 [notice] 32#32: gracefully shutting down
2022/12/14 12:30:31 [notice] 35#35: exiting
2022/12/14 12:30:31 [notice] 33#33: exiting
2022/12/14 12:30:31 [notice] 37#37: exiting
2022/12/14 12:30:31 [notice] 36#36: exiting
2022/12/14 12:30:31 [notice] 32#32: exiting
2022/12/14 12:30:31 [notice] 33#33: exit
2022/12/14 12:30:31 [notice] 37#37: exit
2022/12/14 12:30:31 [notice] 35#35: exit
2022/12/14 12:30:31 [notice] 32#32: exit
2022/12/14 12:30:31 [notice] 30#30: exit
2022/12/14 12:30:31 [notice] 36#36: exit
2022/12/14 12:30:31 [notice] 31#31: gracefully shutting down
2022/12/14 12:30:31 [notice] 34#34: gracefully shutting down
2022/12/14 12:30:31 [notice] 31#31: exiting
2022/12/14 12:30:31 [notice] 34#34: exiting
2022/12/14 12:30:31 [notice] 31#31: exit
2022/12/14 12:30:31 [notice] 34#34: exit
2022/12/14 12:30:32 [notice] 1#1: signal 17 (SIGCHLD) received from 34
2022/12/14 12:30:32 [notice] 1#1: worker process 34 exited with code 0
2022/12/14 12:30:32 [notice] 1#1: worker process 35 exited with code 0
2022/12/14 12:30:32 [notice] 1#1: signal 29 (SIGIO) received
2022/12/14 12:30:32 [notice] 1#1: signal 17 (SIGCHLD) received from 35
2022/12/14 12:30:32 [notice] 1#1: signal 17 (SIGCHLD) received from 31
2022/12/14 12:30:32 [notice] 1#1: worker process 31 exited with code 0
2022/12/14 12:30:32 [notice] 1#1: worker process 36 exited with code 0
2022/12/14 12:30:32 [notice] 1#1: signal 29 (SIGIO) received
2022/12/14 12:30:32 [notice] 1#1: signal 17 (SIGCHLD) received from 32
2022/12/14 12:30:32 [notice] 1#1: worker process 32 exited with code 0
2022/12/14 12:30:32 [notice] 1#1: signal 29 (SIGIO) received
2022/12/14 12:30:32 [notice] 1#1: signal 17 (SIGCHLD) received from 30
2022/12/14 12:30:32 [notice] 1#1: worker process 30 exited with code 0
2022/12/14 12:30:32 [notice] 1#1: signal 29 (SIGIO) received
2022/12/14 12:30:32 [notice] 1#1: signal 17 (SIGCHLD) received from 33
2022/12/14 12:30:32 [notice] 1#1: worker process 33 exited with code 0
2022/12/14 12:30:32 [notice] 1#1: worker process 37 exited with code 0
2022/12/14 12:30:32 [notice] 1#1: exit
2022/12/14 12:30:39 [notice] 1#1: using the "epoll" event method
2022/12/14 12:30:39 [notice] 1#1: nginx/1.23.3
2022/12/14 12:30:39 [notice] 1#1: built by gcc 12.2.1 20220924 (Alpine 12.2.1_git20220924-r4) 
2022/12/14 12:30:39 [notice] 1#1: OS: Linux 5.15.0-56-generic
2022/12/14 12:30:39 [notice] 1#1: getrlimit(RLIMIT_NOFILE): 1048576:1048576
2022/12/14 12:30:39 [notice] 1#1: start worker processes
2022/12/14 12:30:39 [notice] 1#1: start worker process 30
2022/12/14 12:30:39 [notice] 1#1: start worker process 31
2022/12/14 12:30:39 [notice] 1#1: start worker process 32
2022/12/14 12:30:39 [notice] 1#1: start worker process 33
2022/12/14 12:30:39 [notice] 1#1: start worker process 34
2022/12/14 12:30:39 [notice] 1#1: start worker process 35
2022/12/14 12:30:39 [notice] 1#1: start worker process 36
2022/12/14 12:30:39 [notice] 1#1: start worker process 37
2022/12/14 12:33:51 [notice] 1#1: signal 3 (SIGQUIT) received, shutting down
2022/12/14 12:33:51 [notice] 30#30: gracefully shutting down
2022/12/14 12:33:51 [notice] 31#31: gracefully shutting down
2022/12/14 12:33:51 [notice] 33#33: gracefully shutting down
2022/12/14 12:33:51 [notice] 32#32: gracefully shutting down
2022/12/14 12:33:51 [notice] 36#36: gracefully shutting down
2022/12/14 12:33:51 [notice] 30#30: exiting
2022/12/14 12:33:51 [notice] 35#35: gracefully shutting down
2022/12/14 12:33:51 [notice] 31#31: exiting
2022/12/14 12:33:51 [notice] 33#33: exiting
2022/12/14 12:33:51 [notice] 32#32: exiting
2022/12/14 12:33:51 [notice] 36#36: exiting
2022/12/14 12:33:51 [notice] 35#35: exiting
2022/12/14 12:33:51 [notice] 31#31: exit
2022/12/14 12:33:51 [notice] 30#30: exit
2022/12/14 12:33:51 [notice] 32#32: exit
2022/12/14 12:33:51 [notice] 33#33: exit
2022/12/14 12:33:51 [notice] 36#36: exit
2022/12/14 12:33:51 [notice] 35#35: exit
2022/12/14 12:33:51 [notice] 34#34: gracefully shutting down
2022/12/14 12:33:51 [notice] 34#34: exiting
2022/12/14 12:33:51 [notice] 34#34: exit
2022/12/14 12:33:51 [notice] 37#37: gracefully shutting down
2022/12/14 12:33:51 [notice] 37#37: exiting
2022/12/14 12:33:51 [notice] 37#37: exit
2022/12/14 12:33:51 [notice] 1#1: signal 17 (SIGCHLD) received from 31
2022/12/14 12:33:51 [notice] 1#1: worker process 31 exited with code 0
2022/12/14 12:33:51 [notice] 1#1: worker process 33 exited with code 0
2022/12/14 12:33:51 [notice] 1#1: worker process 37 exited with code 0
2022/12/14 12:33:51 [notice] 1#1: signal 29 (SIGIO) received
2022/12/14 12:33:51 [notice] 1#1: signal 17 (SIGCHLD) received from 33
2022/12/14 12:33:51 [notice] 1#1: signal 17 (SIGCHLD) received from 36
2022/12/14 12:33:51 [notice] 1#1: worker process 36 exited with code 0
2022/12/14 12:33:51 [notice] 1#1: signal 29 (SIGIO) received
2022/12/14 12:33:51 [notice] 1#1: signal 17 (SIGCHLD) received from 35
2022/12/14 12:33:51 [notice] 1#1: worker process 35 exited with code 0
2022/12/14 12:33:51 [notice] 1#1: signal 29 (SIGIO) received
2022/12/14 12:33:51 [notice] 1#1: signal 17 (SIGCHLD) received from 30
2022/12/14 12:33:51 [notice] 1#1: worker process 30 exited with code 0
2022/12/14 12:33:51 [notice] 1#1: worker process 34 exited with code 0
2022/12/14 12:33:51 [notice] 1#1: signal 29 (SIGIO) received
2022/12/14 12:33:51 [notice] 1#1: signal 17 (SIGCHLD) received from 32
2022/12/14 12:33:51 [notice] 1#1: worker process 32 exited with code 0
2022/12/14 12:33:51 [notice] 1#1: exit
2022/12/14 12:34:02 [notice] 1#1: using the "epoll" event method
2022/12/14 12:34:02 [notice] 1#1: nginx/1.23.3
2022/12/14 12:34:02 [notice] 1#1: built by gcc 12.2.1 20220924 (Alpine 12.2.1_git20220924-r4) 
2022/12/14 12:34:02 [notice] 1#1: OS: Linux 5.15.0-56-generic
2022/12/14 12:34:02 [notice] 1#1: getrlimit(RLIMIT_NOFILE): 1048576:1048576
2022/12/14 12:34:02 [notice] 1#1: start worker processes
2022/12/14 12:34:02 [notice] 1#1: start worker process 20
2022/12/14 12:34:02 [notice] 1#1: start worker process 21
2022/12/14 12:34:02 [notice] 1#1: start worker process 22
2022/12/14 12:34:02 [notice] 1#1: start worker process 23
2022/12/14 12:34:02 [notice] 1#1: start worker process 24
2022/12/14 12:34:02 [notice] 1#1: start worker process 25
2022/12/14 12:34:02 [notice] 1#1: start worker process 26
2022/12/14 12:34:02 [notice] 1#1: start worker process 27
2022/12/14 12:35:27 [notice] 1#1: signal 3 (SIGQUIT) received, shutting down
2022/12/14 12:35:27 [notice] 20#20: gracefully shutting down
2022/12/14 12:35:27 [notice] 21#21: gracefully shutting down
2022/12/14 12:35:27 [notice] 25#25: gracefully shutting down
2022/12/14 12:35:27 [notice] 21#21: exiting
2022/12/14 12:35:27 [notice] 22#22: gracefully shutting down
2022/12/14 12:35:27 [notice] 25#25: exiting
2022/12/14 12:35:27 [notice] 22#22: exiting
2022/12/14 12:35:27 [notice] 20#20: exiting
2022/12/14 12:35:27 [notice] 21#21: exit
2022/12/14 12:35:27 [notice] 25#25: exit
2022/12/14 12:35:27 [notice] 22#22: exit
2022/12/14 12:35:27 [notice] 20#20: exit
2022/12/14 12:35:27 [notice] 24#24: gracefully shutting down
2022/12/14 12:35:27 [notice] 24#24: exiting
2022/12/14 12:35:27 [notice] 24#24: exit
2022/12/14 12:35:27 [notice] 23#23: gracefully shutting down
2022/12/14 12:35:27 [notice] 23#23: exiting
2022/12/14 12:35:27 [notice] 23#23: exit
2022/12/14 12:35:27 [notice] 26#26: gracefully shutting down
2022/12/14 12:35:27 [notice] 26#26: exiting
2022/12/14 12:35:27 [notice] 26#26: exit
2022/12/14 12:35:27 [notice] 27#27: gracefully shutting down
2022/12/14 12:35:27 [notice] 27#27: exiting
2022/12/14 12:35:27 [notice] 27#27: exit
2022/12/14 12:35:27 [notice] 1#1: signal 17 (SIGCHLD) received from 21
2022/12/14 12:35:27 [notice] 1#1: worker process 21 exited with code 0
2022/12/14 12:35:27 [notice] 1#1: signal 29 (SIGIO) received
2022/12/14 12:35:27 [notice] 1#1: signal 17 (SIGCHLD) received from 25
2022/12/14 12:35:27 [notice] 1#1: worker process 25 exited with code 0
2022/12/14 12:35:27 [notice] 1#1: signal 29 (SIGIO) received
2022/12/14 12:35:27 [notice] 1#1: signal 17 (SIGCHLD) received from 20
2022/12/14 12:35:27 [notice] 1#1: worker process 20 exited with code 0
2022/12/14 12:35:27 [notice] 1#1: signal 29 (SIGIO) received
2022/12/14 12:35:27 [notice] 1#1: signal 17 (SIGCHLD) received from 23
2022/12/14 12:35:27 [notice] 1#1: worker process 23 exited with code 0
2022/12/14 12:35:27 [notice] 1#1: signal 29 (SIGIO) received
2022/12/14 12:35:27 [notice] 1#1: signal 17 (SIGCHLD) received from 22
2022/12/14 12:35:27 [notice] 1#1: worker process 22 exited with code 0
2022/12/14 12:35:27 [notice] 1#1: worker process 24 exited with code 0
2022/12/14 12:35:27 [notice] 1#1: worker process 27 exited with code 0
2022/12/14 12:35:27 [notice] 1#1: signal 29 (SIGIO) received
2022/12/14 12:35:27 [notice] 1#1: signal 17 (SIGCHLD) received from 26
2022/12/14 12:35:27 [notice] 1#1: worker process 26 exited with code 0
2022/12/14 12:35:27 [notice] 1#1: exit
2022/12/14 12:35:37 [notice] 1#1: using the "epoll" event method
2022/12/14 12:35:37 [notice] 1#1: nginx/1.23.3
2022/12/14 12:35:37 [notice] 1#1: built by gcc 12.2.1 20220924 (Alpine 12.2.1_git20220924-r4) 
2022/12/14 12:35:37 [notice] 1#1: OS: Linux 5.15.0-56-generic
2022/12/14 12:35:37 [notice] 1#1: getrlimit(RLIMIT_NOFILE): 1048576:1048576
2022/12/14 12:35:37 [notice] 1#1: start worker processes
2022/12/14 12:35:37 [notice] 1#1: start worker process 20
2022/12/14 12:35:37 [notice] 1#1: start worker process 21
2022/12/14 12:35:37 [notice] 1#1: start worker process 22
2022/12/14 12:35:37 [notice] 1#1: start worker process 23
2022/12/14 12:35:37 [notice] 1#1: start worker process 24
2022/12/14 12:35:37 [notice] 1#1: start worker process 25
2022/12/14 12:35:37 [notice] 1#1: start worker process 26
2022/12/14 12:35:37 [notice] 1#1: start worker process 27
2022/12/14 12:36:22 [notice] 1#1: signal 3 (SIGQUIT) received, shutting down
2022/12/14 12:36:22 [notice] 20#20: gracefully shutting down
2022/12/14 12:36:22 [notice] 21#21: gracefully shutting down
2022/12/14 12:36:22 [notice] 22#22: gracefully shutting down
2022/12/14 12:36:22 [notice] 24#24: gracefully shutting down
2022/12/14 12:36:22 [notice] 23#23: gracefully shutting down
2022/12/14 12:36:22 [notice] 25#25: gracefully shutting down
2022/12/14 12:36:22 [notice] 22#22: exiting
2022/12/14 12:36:22 [notice] 20#20: exiting
2022/12/14 12:36:22 [notice] 24#24: exiting
2022/12/14 12:36:22 [notice] 23#23: exiting
2022/12/14 12:36:22 [notice] 25#25: exiting
2022/12/14 12:36:22 [notice] 22#22: exit
2022/12/14 12:36:22 [notice] 20#20: exit
2022/12/14 12:36:22 [notice] 23#23: exit
2022/12/14 12:36:22 [notice] 24#24: exit
2022/12/14 12:36:22 [notice] 25#25: exit
2022/12/14 12:36:22 [notice] 27#27: gracefully shutting down
2022/12/14 12:36:22 [notice] 26#26: gracefully shutting down
2022/12/14 12:36:22 [notice] 26#26: exiting
2022/12/14 12:36:22 [notice] 27#27: exiting
2022/12/14 12:36:22 [notice] 26#26: exit
2022/12/14 12:36:22 [notice] 27#27: exit
2022/12/14 12:36:22 [notice] 1#1: signal 17 (SIGCHLD) received from 20
2022/12/14 12:36:22 [notice] 1#1: worker process 20 exited with code 0
2022/12/14 12:36:22 [notice] 1#1: signal 29 (SIGIO) received
2022/12/14 12:36:22 [notice] 1#1: signal 17 (SIGCHLD) received from 24
2022/12/14 12:36:22 [notice] 1#1: worker process 24 exited with code 0
2022/12/14 12:36:22 [notice] 1#1: signal 29 (SIGIO) received
2022/12/14 12:36:22 [notice] 1#1: signal 17 (SIGCHLD) received from 26
2022/12/14 12:36:22 [notice] 1#1: worker process 26 exited with code 0
2022/12/14 12:36:22 [notice] 1#1: signal 29 (SIGIO) received
2022/12/14 12:36:22 [notice] 1#1: signal 17 (SIGCHLD) received from 27
2022/12/14 12:36:22 [notice] 1#1: worker process 27 exited with code 0
2022/12/14 12:36:22 [notice] 1#1: worker process 23 exited with code 0
2022/12/14 12:36:22 [notice] 1#1: signal 29 (SIGIO) received
2022/12/14 12:36:22 [notice] 1#1: signal 17 (SIGCHLD) received from 23
2022/12/14 12:36:22 [notice] 1#1: worker process 25 exited with code 0
2022/12/14 12:36:22 [notice] 1#1: signal 29 (SIGIO) received
2022/12/14 12:36:22 [notice] 1#1: signal 17 (SIGCHLD) received from 22
2022/12/14 12:36:22 [notice] 1#1: worker process 22 exited with code 0
2022/12/14 12:36:22 [notice] 1#1: signal 29 (SIGIO) received
2022/12/14 12:36:22 [notice] 21#21: exiting
2022/12/14 12:36:22 [notice] 21#21: exit
2022/12/14 12:36:22 [notice] 1#1: signal 17 (SIGCHLD) received from 21
2022/12/14 12:36:22 [notice] 1#1: worker process 21 exited with code 0
2022/12/14 12:36:22 [notice] 1#1: exit
2022/12/14 12:36:35 [notice] 1#1: using the "epoll" event method
2022/12/14 12:36:35 [notice] 1#1: nginx/1.23.3
2022/12/14 12:36:35 [notice] 1#1: built by gcc 12.2.1 20220924 (Alpine 12.2.1_git20220924-r4) 
2022/12/14 12:36:35 [notice] 1#1: OS: Linux 5.15.0-56-generic
2022/12/14 12:36:35 [notice] 1#1: getrlimit(RLIMIT_NOFILE): 1048576:1048576
2022/12/14 12:36:35 [notice] 1#1: start worker processes
2022/12/14 12:36:35 [notice] 1#1: start worker process 20
2022/12/14 12:36:35 [notice] 1#1: start worker process 21
2022/12/14 12:36:35 [notice] 1#1: start worker process 22
2022/12/14 12:36:35 [notice] 1#1: start worker process 23
2022/12/14 12:36:35 [notice] 1#1: start worker process 24
2022/12/14 12:36:35 [notice] 1#1: start worker process 25
2022/12/14 12:36:35 [notice] 1#1: start worker process 26
2022/12/14 12:36:35 [notice] 1#1: start worker process 27
2022/12/14 12:37:15 [notice] 1#1: signal 3 (SIGQUIT) received, shutting down
2022/12/14 12:37:15 [notice] 20#20: gracefully shutting down
2022/12/14 12:37:15 [notice] 21#21: gracefully shutting down
2022/12/14 12:37:15 [notice] 20#20: exiting
2022/12/14 12:37:15 [notice] 24#24: gracefully shutting down
2022/12/14 12:37:15 [notice] 21#21: exiting
2022/12/14 12:37:15 [notice] 24#24: exiting
2022/12/14 12:37:15 [notice] 24#24: exit
2022/12/14 12:37:15 [notice] 21#21: exit
2022/12/14 12:37:15 [notice] 25#25: gracefully shutting down
2022/12/14 12:37:15 [notice] 25#25: exiting
2022/12/14 12:37:15 [notice] 22#22: gracefully shutting down
2022/12/14 12:37:15 [notice] 22#22: exiting
2022/12/14 12:37:15 [notice] 25#25: exit
2022/12/14 12:37:15 [notice] 22#22: exit
2022/12/14 12:37:15 [notice] 26#26: gracefully shutting down
2022/12/14 12:37:15 [notice] 26#26: exiting
2022/12/14 12:37:15 [notice] 27#27: gracefully shutting down
2022/12/14 12:37:15 [notice] 27#27: exiting
2022/12/14 12:37:15 [notice] 26#26: exit
2022/12/14 12:37:15 [notice] 27#27: exit
2022/12/14 12:37:15 [notice] 23#23: gracefully shutting down
2022/12/14 12:37:15 [notice] 23#23: exiting
2022/12/14 12:37:15 [notice] 23#23: exit
2022/12/14 12:37:15 [notice] 20#20: exit
2022/12/14 12:37:16 [notice] 1#1: signal 17 (SIGCHLD) received from 24
2022/12/14 12:37:16 [notice] 1#1: worker process 24 exited with code 0
2022/12/14 12:37:16 [notice] 1#1: signal 29 (SIGIO) received
2022/12/14 12:37:16 [notice] 1#1: signal 17 (SIGCHLD) received from 22
2022/12/14 12:37:16 [notice] 1#1: worker process 20 exited with code 0
2022/12/14 12:37:16 [notice] 1#1: worker process 22 exited with code 0
2022/12/14 12:37:16 [notice] 1#1: worker process 25 exited with code 0
2022/12/14 12:37:16 [notice] 1#1: worker process 27 exited with code 0
2022/12/14 12:37:16 [notice] 1#1: signal 29 (SIGIO) received
2022/12/14 12:37:16 [notice] 1#1: signal 17 (SIGCHLD) received from 23
2022/12/14 12:37:16 [notice] 1#1: worker process 23 exited with code 0
2022/12/14 12:37:16 [notice] 1#1: signal 29 (SIGIO) received
2022/12/14 12:37:16 [notice] 1#1: signal 17 (SIGCHLD) received from 21
2022/12/14 12:37:16 [notice] 1#1: worker process 21 exited with code 0
2022/12/14 12:37:16 [notice] 1#1: signal 29 (SIGIO) received
2022/12/14 12:37:16 [notice] 1#1: signal 17 (SIGCHLD) received from 26
2022/12/14 12:37:16 [notice] 1#1: worker process 26 exited with code 0
2022/12/14 12:37:16 [notice] 1#1: exit
2022/12/14 13:59:01 [notice] 1#1: using the "epoll" event method
2022/12/14 13:59:01 [notice] 1#1: nginx/1.23.3
2022/12/14 13:59:01 [notice] 1#1: built by gcc 12.2.1 20220924 (Alpine 12.2.1_git20220924-r4) 
2022/12/14 13:59:01 [notice] 1#1: OS: Linux 5.15.0-56-generic
2022/12/14 13:59:01 [notice] 1#1: getrlimit(RLIMIT_NOFILE): 1048576:1048576
2022/12/14 13:59:01 [notice] 1#1: start worker processes
2022/12/14 13:59:01 [notice] 1#1: start worker process 20
2022/12/14 13:59:01 [notice] 1#1: start worker process 21
2022/12/14 13:59:01 [notice] 1#1: start worker process 22
2022/12/14 13:59:01 [notice] 1#1: start worker process 23
2022/12/14 13:59:01 [notice] 1#1: start worker process 24
2022/12/14 13:59:01 [notice] 1#1: start worker process 25
2022/12/14 13:59:01 [notice] 1#1: start worker process 26
2022/12/14 13:59:01 [notice] 1#1: start worker process 27
2022/12/14 14:45:09 [notice] 1#1: signal 3 (SIGQUIT) received, shutting down
2022/12/14 14:45:09 [notice] 21#21: gracefully shutting down
2022/12/14 14:45:09 [notice] 20#20: gracefully shutting down
2022/12/14 14:45:09 [notice] 22#22: gracefully shutting down
2022/12/14 14:45:09 [notice] 23#23: gracefully shutting down
2022/12/14 14:45:09 [notice] 24#24: gracefully shutting down
2022/12/14 14:45:09 [notice] 20#20: exiting
2022/12/14 14:45:09 [notice] 21#21: exiting
2022/12/14 14:45:09 [notice] 27#27: gracefully shutting down
2022/12/14 14:45:09 [notice] 26#26: gracefully shutting down
2022/12/14 14:45:09 [notice] 22#22: exiting
2022/12/14 14:45:09 [notice] 23#23: exiting
2022/12/14 14:45:09 [notice] 24#24: exiting
2022/12/14 14:45:09 [notice] 27#27: exiting
2022/12/14 14:45:09 [notice] 26#26: exiting
2022/12/14 14:45:09 [notice] 22#22: exit
2022/12/14 14:45:09 [notice] 21#21: exit
2022/12/14 14:45:09 [notice] 26#26: exit
2022/12/14 14:45:09 [notice] 20#20: exit
2022/12/14 14:45:09 [notice] 24#24: exit
2022/12/14 14:45:09 [notice] 23#23: exit
2022/12/14 14:45:09 [notice] 27#27: exit
2022/12/14 14:45:09 [notice] 25#25: gracefully shutting down
2022/12/14 14:45:09 [notice] 25#25: exiting
2022/12/14 14:45:09 [notice] 25#25: exit
2022/12/14 14:45:09 [notice] 1#1: signal 17 (SIGCHLD) received from 23
2022/12/14 14:45:09 [notice] 1#1: worker process 23 exited with code 0
2022/12/14 14:45:09 [notice] 1#1: signal 29 (SIGIO) received
2022/12/14 14:45:09 [notice] 1#1: signal 17 (SIGCHLD) received from 20
2022/12/14 14:45:09 [notice] 1#1: worker process 20 exited with code 0
2022/12/14 14:45:09 [notice] 1#1: signal 29 (SIGIO) received
2022/12/14 14:45:09 [notice] 1#1: signal 17 (SIGCHLD) received from 24
2022/12/14 14:45:09 [notice] 1#1: worker process 22 exited with code 0
2022/12/14 14:45:09 [notice] 1#1: worker process 24 exited with code 0
2022/12/14 14:45:09 [notice] 1#1: signal 29 (SIGIO) received
2022/12/14 14:45:09 [notice] 1#1: signal 17 (SIGCHLD) received from 22
2022/12/14 14:45:09 [notice] 1#1: signal 17 (SIGCHLD) received from 26
2022/12/14 14:45:09 [notice] 1#1: worker process 26 exited with code 0
2022/12/14 14:45:09 [notice] 1#1: signal 29 (SIGIO) received
2022/12/14 14:45:09 [notice] 1#1: signal 17 (SIGCHLD) received from 27
2022/12/14 14:45:09 [notice] 1#1: worker process 27 exited with code 0
2022/12/14 14:45:09 [notice] 1#1: signal 29 (SIGIO) received
2022/12/14 14:45:09 [notice] 1#1: signal 17 (SIGCHLD) received from 21
2022/12/14 14:45:09 [notice] 1#1: worker process 21 exited with code 0
2022/12/14 14:45:09 [notice] 1#1: signal 29 (SIGIO) received
2022/12/14 14:45:09 [notice] 1#1: signal 17 (SIGCHLD) received from 25
2022/12/14 14:45:09 [notice] 1#1: worker process 25 exited with code 0
2022/12/14 14:45:09 [notice] 1#1: exit
